<?xml version="1.0" encoding="UTF-8"?>
<testsuite name="Day1Test" tests="4" skipped="0" failures="0" errors="0" timestamp="2021-12-01T11:13:26" hostname="SBGML06045" time="0.077">
  <properties/>
  <testcase name="should return 5 for test input 2 puzzle()" classname="Day1Test" time="0.065"/>
  <testcase name="should return 1516 for input 2 puzzle()" classname="Day1Test" time="0.008"/>
  <testcase name="should return 1475 for input 1 puzzle()" classname="Day1Test" time="0.002"/>
  <testcase name="should return 7 for test input 1 puzzle()" classname="Day1Test" time="0.001"/>
  <system-out><![CDATA[]]></system-out>
  <system-err><![CDATA[]]></system-err>
</testsuite>
